{"C:\\Users\\Gabi\\WebstormProjects\\react-scrape\\src\\index.tsx": {"path":"C:\\Users\\Gabi\\WebstormProjects\\react-scrape\\src\\index.tsx","statementMap":{"0":{"start":{"line":1,"column":0},"end":{"line":1,"column":31}},"1":{"start":{"line":4,"column":13},"end":{"line":6,"column":2}},"2":{"start":{"line":5,"column":2},"end":{"line":5,"column":69}},"3":{"start":{"line":9,"column":28},"end":{"line":9,"column":49}},"4":{"start":{"line":9,"column":14},"end":{"line":9,"column":16}},"5":{"start":{"line":9,"column":24},"end":{"line":9,"column":28}},"6":{"start":{"line":11,"column":2},"end":{"line":16,"column":4}},"7":{"start":{"line":14,"column":6},"end":{"line":14,"column":30}},"8":{"start":{"line":14,"column":24},"end":{"line":14,"column":29}},"9":{"start":{"line":8,"column":0},"end":{"line":8,"column":24}}},"fnMap":{"0":{"name":"(anonymous_0)","decl":{"start":{"line":4,"column":21},"end":{"line":4,"column":null}},"loc":{"start":{"line":4,"column":21},"end":{"line":6,"column":1}}},"1":{"name":"useToggle","decl":{"start":{"line":8,"column":24},"end":{"line":8,"column":33}},"loc":{"start":{"line":8,"column":33},"end":{"line":17,"column":1}}},"2":{"name":"(anonymous_2)","decl":{"start":{"line":13,"column":4},"end":{"line":13,"column":null}},"loc":{"start":{"line":13,"column":4},"end":{"line":15,"column":5}}},"3":{"name":"(anonymous_3)","decl":{"start":{"line":14,"column":15},"end":{"line":14,"column":16}},"loc":{"start":{"line":14,"column":19},"end":{"line":14,"column":25}}}},"branchMap":{},"s":{"0":1,"1":1,"2":1,"3":2,"4":2,"5":2,"6":2,"7":1,"8":1,"9":1},"f":{"0":1,"1":2,"2":1,"3":1},"b":{}}
}
